image/1_heng_4_0_0.png,label/1_heng_4_0_0.png
image/1_heng_4_0_1.png,label/1_heng_4_0_1.png
image/1_heng_4_0_2.png,label/1_heng_4_0_2.png
image/1_heng_4_0_3.png,label/1_heng_4_0_3.png
image/1_heng_4_0_4.png,label/1_heng_4_0_4.png
image/1_heng_4_0_5.png,label/1_heng_4_0_5.png
image/1_heng_4_1_0.png,label/1_heng_4_1_0.png
image/1_heng_4_1_1.png,label/1_heng_4_1_1.png
image/1_heng_4_1_2.png,label/1_heng_4_1_2.png
image/1_heng_4_1_3.png,label/1_heng_4_1_3.png
image/1_heng_4_1_4.png,label/1_heng_4_1_4.png
image/1_heng_4_1_5.png,label/1_heng_4_1_5.png
image/1_heng_4_2_0.png,label/1_heng_4_2_0.png
image/1_heng_4_2_1.png,label/1_heng_4_2_1.png
image/1_heng_4_2_2.png,label/1_heng_4_2_2.png
image/1_heng_4_2_3.png,label/1_heng_4_2_3.png
image/1_heng_4_2_4.png,label/1_heng_4_2_4.png
image/1_heng_4_2_5.png,label/1_heng_4_2_5.png
image/1_heng_4_3_0.png,label/1_heng_4_3_0.png
image/1_heng_4_3_1.png,label/1_heng_4_3_1.png
image/1_heng_4_3_2.png,label/1_heng_4_3_2.png
image/1_heng_4_3_3.png,label/1_heng_4_3_3.png
image/1_heng_4_3_4.png,label/1_heng_4_3_4.png
image/1_heng_4_3_5.png,label/1_heng_4_3_5.png
image/1_heng_5_0_0.png,label/1_heng_5_0_0.png
image/1_heng_5_0_1.png,label/1_heng_5_0_1.png
image/1_heng_5_0_2.png,label/1_heng_5_0_2.png
image/1_heng_5_0_3.png,label/1_heng_5_0_3.png
image/1_heng_5_0_4.png,label/1_heng_5_0_4.png
image/1_heng_5_0_5.png,label/1_heng_5_0_5.png
image/1_heng_5_1_0.png,label/1_heng_5_1_0.png
image/1_heng_5_1_1.png,label/1_heng_5_1_1.png
image/1_heng_5_1_2.png,label/1_heng_5_1_2.png
image/1_heng_5_1_3.png,label/1_heng_5_1_3.png
image/1_heng_5_1_4.png,label/1_heng_5_1_4.png
image/1_heng_5_1_5.png,label/1_heng_5_1_5.png
image/1_heng_5_2_0.png,label/1_heng_5_2_0.png
image/1_heng_5_2_1.png,label/1_heng_5_2_1.png
image/1_heng_5_2_2.png,label/1_heng_5_2_2.png
image/1_heng_5_2_3.png,label/1_heng_5_2_3.png
image/1_heng_5_2_4.png,label/1_heng_5_2_4.png
image/1_heng_5_2_5.png,label/1_heng_5_2_5.png
image/1_heng_5_3_0.png,label/1_heng_5_3_0.png
image/1_heng_5_3_1.png,label/1_heng_5_3_1.png
image/1_heng_5_3_2.png,label/1_heng_5_3_2.png
image/1_heng_5_3_3.png,label/1_heng_5_3_3.png
image/1_heng_5_3_4.png,label/1_heng_5_3_4.png
image/1_heng_5_3_5.png,label/1_heng_5_3_5.png
image/1_ping_1h_2_0_0.png,label/1_ping_1h_2_0_0.png
image/1_ping_1h_2_0_1.png,label/1_ping_1h_2_0_1.png
image/1_ping_1h_2_0_2.png,label/1_ping_1h_2_0_2.png
image/1_ping_1h_2_0_3.png,label/1_ping_1h_2_0_3.png
image/1_ping_1h_2_0_4.png,label/1_ping_1h_2_0_4.png
image/1_ping_1h_2_0_5.png,label/1_ping_1h_2_0_5.png
image/1_ping_1h_2_1_0.png,label/1_ping_1h_2_1_0.png
image/1_ping_1h_2_1_1.png,label/1_ping_1h_2_1_1.png
image/1_ping_1h_2_1_2.png,label/1_ping_1h_2_1_2.png
image/1_ping_1h_2_1_3.png,label/1_ping_1h_2_1_3.png
image/1_ping_1h_2_1_4.png,label/1_ping_1h_2_1_4.png
image/1_ping_1h_2_1_5.png,label/1_ping_1h_2_1_5.png
image/1_ping_1h_2_2_0.png,label/1_ping_1h_2_2_0.png
image/1_ping_1h_2_2_1.png,label/1_ping_1h_2_2_1.png
image/1_ping_1h_2_2_2.png,label/1_ping_1h_2_2_2.png
image/1_ping_1h_2_2_3.png,label/1_ping_1h_2_2_3.png
image/1_ping_1h_2_2_4.png,label/1_ping_1h_2_2_4.png
image/1_ping_1h_2_2_5.png,label/1_ping_1h_2_2_5.png
image/1_ping_1h_2_3_0.png,label/1_ping_1h_2_3_0.png
image/1_ping_1h_2_3_1.png,label/1_ping_1h_2_3_1.png
image/1_ping_1h_2_3_2.png,label/1_ping_1h_2_3_2.png
image/1_ping_1h_2_3_3.png,label/1_ping_1h_2_3_3.png
image/1_ping_1h_2_3_4.png,label/1_ping_1h_2_3_4.png
image/1_ping_1h_2_3_5.png,label/1_ping_1h_2_3_5.png
image/1_ping_1h_4_0_0.png,label/1_ping_1h_4_0_0.png
image/1_ping_1h_4_0_1.png,label/1_ping_1h_4_0_1.png
image/1_ping_1h_4_0_2.png,label/1_ping_1h_4_0_2.png
image/1_ping_1h_4_0_3.png,label/1_ping_1h_4_0_3.png
image/1_ping_1h_4_0_4.png,label/1_ping_1h_4_0_4.png
image/1_ping_1h_4_0_5.png,label/1_ping_1h_4_0_5.png
image/1_ping_1h_4_1_0.png,label/1_ping_1h_4_1_0.png
image/1_ping_1h_4_1_1.png,label/1_ping_1h_4_1_1.png
image/1_ping_1h_4_1_2.png,label/1_ping_1h_4_1_2.png
image/1_ping_1h_4_1_3.png,label/1_ping_1h_4_1_3.png
image/1_ping_1h_4_1_4.png,label/1_ping_1h_4_1_4.png
image/1_ping_1h_4_1_5.png,label/1_ping_1h_4_1_5.png
image/1_ping_1h_4_2_0.png,label/1_ping_1h_4_2_0.png
image/1_ping_1h_4_2_1.png,label/1_ping_1h_4_2_1.png
image/1_ping_1h_4_2_2.png,label/1_ping_1h_4_2_2.png
image/1_ping_1h_4_2_3.png,label/1_ping_1h_4_2_3.png
image/1_ping_1h_4_2_4.png,label/1_ping_1h_4_2_4.png
image/1_ping_1h_4_2_5.png,label/1_ping_1h_4_2_5.png
image/1_ping_1h_4_3_0.png,label/1_ping_1h_4_3_0.png
image/1_ping_1h_4_3_1.png,label/1_ping_1h_4_3_1.png
image/1_ping_1h_4_3_2.png,label/1_ping_1h_4_3_2.png
image/1_ping_1h_4_3_3.png,label/1_ping_1h_4_3_3.png
image/1_ping_1h_4_3_4.png,label/1_ping_1h_4_3_4.png
image/1_ping_1h_4_3_5.png,label/1_ping_1h_4_3_5.png
image/1_ping_1h_5_0_0.png,label/1_ping_1h_5_0_0.png
image/1_ping_1h_5_0_1.png,label/1_ping_1h_5_0_1.png
image/1_ping_1h_5_0_2.png,label/1_ping_1h_5_0_2.png
image/1_ping_1h_5_0_3.png,label/1_ping_1h_5_0_3.png
image/1_ping_1h_5_0_4.png,label/1_ping_1h_5_0_4.png
image/1_ping_1h_5_0_5.png,label/1_ping_1h_5_0_5.png
image/1_ping_1h_5_1_0.png,label/1_ping_1h_5_1_0.png
image/1_ping_1h_5_1_1.png,label/1_ping_1h_5_1_1.png
image/1_ping_1h_5_1_2.png,label/1_ping_1h_5_1_2.png
image/1_ping_1h_5_1_3.png,label/1_ping_1h_5_1_3.png
image/1_ping_1h_5_1_4.png,label/1_ping_1h_5_1_4.png
image/1_ping_1h_5_1_5.png,label/1_ping_1h_5_1_5.png
image/1_ping_1h_5_2_0.png,label/1_ping_1h_5_2_0.png
image/1_ping_1h_5_2_1.png,label/1_ping_1h_5_2_1.png
image/1_ping_1h_5_2_2.png,label/1_ping_1h_5_2_2.png
image/1_ping_1h_5_2_3.png,label/1_ping_1h_5_2_3.png
image/1_ping_1h_5_2_4.png,label/1_ping_1h_5_2_4.png
image/1_ping_1h_5_2_5.png,label/1_ping_1h_5_2_5.png
image/1_ping_1h_5_3_0.png,label/1_ping_1h_5_3_0.png
image/1_ping_1h_5_3_1.png,label/1_ping_1h_5_3_1.png
image/1_ping_1h_5_3_2.png,label/1_ping_1h_5_3_2.png
image/1_ping_1h_5_3_3.png,label/1_ping_1h_5_3_3.png
image/1_ping_1h_5_3_4.png,label/1_ping_1h_5_3_4.png
image/1_ping_1h_5_3_5.png,label/1_ping_1h_5_3_5.png
image/1_ping_1_0_0.png,label/1_ping_1_0_0.png
image/1_ping_1_0_1.png,label/1_ping_1_0_1.png
image/1_ping_1_0_2.png,label/1_ping_1_0_2.png
image/1_ping_1_0_3.png,label/1_ping_1_0_3.png
image/1_ping_1_0_4.png,label/1_ping_1_0_4.png
image/1_ping_1_0_5.png,label/1_ping_1_0_5.png
image/1_ping_1_1_0.png,label/1_ping_1_1_0.png
image/1_ping_1_1_1.png,label/1_ping_1_1_1.png
image/1_ping_1_1_2.png,label/1_ping_1_1_2.png
image/1_ping_1_1_3.png,label/1_ping_1_1_3.png
image/1_ping_1_1_4.png,label/1_ping_1_1_4.png
image/1_ping_1_1_5.png,label/1_ping_1_1_5.png
image/1_ping_1_2_0.png,label/1_ping_1_2_0.png
image/1_ping_1_2_1.png,label/1_ping_1_2_1.png
image/1_ping_1_2_2.png,label/1_ping_1_2_2.png
image/1_ping_1_2_3.png,label/1_ping_1_2_3.png
image/1_ping_1_2_4.png,label/1_ping_1_2_4.png
image/1_ping_1_2_5.png,label/1_ping_1_2_5.png
image/1_ping_1_3_0.png,label/1_ping_1_3_0.png
image/1_ping_1_3_1.png,label/1_ping_1_3_1.png
image/1_ping_1_3_2.png,label/1_ping_1_3_2.png
image/1_ping_1_3_3.png,label/1_ping_1_3_3.png
image/1_ping_1_3_4.png,label/1_ping_1_3_4.png
image/1_ping_1_3_5.png,label/1_ping_1_3_5.png
image/1_ping_2h_4_0_0.png,label/1_ping_2h_4_0_0.png
image/1_ping_2h_4_0_1.png,label/1_ping_2h_4_0_1.png
image/1_ping_2h_4_0_2.png,label/1_ping_2h_4_0_2.png
image/1_ping_2h_4_0_3.png,label/1_ping_2h_4_0_3.png
image/1_ping_2h_4_0_4.png,label/1_ping_2h_4_0_4.png
image/1_ping_2h_4_0_5.png,label/1_ping_2h_4_0_5.png
image/1_ping_2h_4_1_0.png,label/1_ping_2h_4_1_0.png
image/1_ping_2h_4_1_1.png,label/1_ping_2h_4_1_1.png
image/1_ping_2h_4_1_2.png,label/1_ping_2h_4_1_2.png
image/1_ping_2h_4_1_3.png,label/1_ping_2h_4_1_3.png
image/1_ping_2h_4_1_4.png,label/1_ping_2h_4_1_4.png
image/1_ping_2h_4_1_5.png,label/1_ping_2h_4_1_5.png
image/1_ping_2h_4_2_0.png,label/1_ping_2h_4_2_0.png
image/1_ping_2h_4_2_1.png,label/1_ping_2h_4_2_1.png
image/1_ping_2h_4_2_2.png,label/1_ping_2h_4_2_2.png
image/1_ping_2h_4_2_3.png,label/1_ping_2h_4_2_3.png
image/1_ping_2h_4_2_4.png,label/1_ping_2h_4_2_4.png
image/1_ping_2h_4_2_5.png,label/1_ping_2h_4_2_5.png
image/1_ping_2h_4_3_0.png,label/1_ping_2h_4_3_0.png
image/1_ping_2h_4_3_1.png,label/1_ping_2h_4_3_1.png
image/1_ping_2h_4_3_2.png,label/1_ping_2h_4_3_2.png
image/1_ping_2h_4_3_3.png,label/1_ping_2h_4_3_3.png
image/1_ping_2h_4_3_4.png,label/1_ping_2h_4_3_4.png
image/1_ping_2h_4_3_5.png,label/1_ping_2h_4_3_5.png
image/1_ping_2h_5_0_0.png,label/1_ping_2h_5_0_0.png
image/1_ping_2h_5_0_1.png,label/1_ping_2h_5_0_1.png
image/1_ping_2h_5_0_2.png,label/1_ping_2h_5_0_2.png
image/1_ping_2h_5_0_3.png,label/1_ping_2h_5_0_3.png
image/1_ping_2h_5_0_4.png,label/1_ping_2h_5_0_4.png
image/1_ping_2h_5_0_5.png,label/1_ping_2h_5_0_5.png
image/1_ping_2h_5_1_0.png,label/1_ping_2h_5_1_0.png
image/1_ping_2h_5_1_1.png,label/1_ping_2h_5_1_1.png
image/1_ping_2h_5_1_2.png,label/1_ping_2h_5_1_2.png
image/1_ping_2h_5_1_3.png,label/1_ping_2h_5_1_3.png
image/1_ping_2h_5_1_4.png,label/1_ping_2h_5_1_4.png
image/1_ping_2h_5_1_5.png,label/1_ping_2h_5_1_5.png
image/1_ping_2h_5_2_0.png,label/1_ping_2h_5_2_0.png
image/1_ping_2h_5_2_1.png,label/1_ping_2h_5_2_1.png
image/1_ping_2h_5_2_2.png,label/1_ping_2h_5_2_2.png
image/1_ping_2h_5_2_3.png,label/1_ping_2h_5_2_3.png
image/1_ping_2h_5_2_4.png,label/1_ping_2h_5_2_4.png
image/1_ping_2h_5_2_5.png,label/1_ping_2h_5_2_5.png
image/1_ping_2h_5_3_0.png,label/1_ping_2h_5_3_0.png
image/1_ping_2h_5_3_1.png,label/1_ping_2h_5_3_1.png
image/1_ping_2h_5_3_2.png,label/1_ping_2h_5_3_2.png
image/1_ping_2h_5_3_3.png,label/1_ping_2h_5_3_3.png
image/1_ping_2h_5_3_4.png,label/1_ping_2h_5_3_4.png
image/1_ping_2h_5_3_5.png,label/1_ping_2h_5_3_5.png
image/1_ping_3_0_0.png,label/1_ping_3_0_0.png
image/1_ping_3_0_1.png,label/1_ping_3_0_1.png
image/1_ping_3_0_2.png,label/1_ping_3_0_2.png
image/1_ping_3_0_3.png,label/1_ping_3_0_3.png
image/1_ping_3_0_4.png,label/1_ping_3_0_4.png
image/1_ping_3_0_5.png,label/1_ping_3_0_5.png
image/1_ping_3_1_0.png,label/1_ping_3_1_0.png
image/1_ping_3_1_1.png,label/1_ping_3_1_1.png
image/1_ping_3_1_2.png,label/1_ping_3_1_2.png
image/1_ping_3_1_3.png,label/1_ping_3_1_3.png
image/1_ping_3_1_4.png,label/1_ping_3_1_4.png
image/1_ping_3_1_5.png,label/1_ping_3_1_5.png
image/1_ping_3_2_0.png,label/1_ping_3_2_0.png
image/1_ping_3_2_1.png,label/1_ping_3_2_1.png
image/1_ping_3_2_2.png,label/1_ping_3_2_2.png
image/1_ping_3_2_3.png,label/1_ping_3_2_3.png
image/1_ping_3_2_4.png,label/1_ping_3_2_4.png
image/1_ping_3_2_5.png,label/1_ping_3_2_5.png
image/1_ping_3_3_0.png,label/1_ping_3_3_0.png
image/1_ping_3_3_1.png,label/1_ping_3_3_1.png
image/1_ping_3_3_2.png,label/1_ping_3_3_2.png
image/1_ping_3_3_3.png,label/1_ping_3_3_3.png
image/1_ping_3_3_4.png,label/1_ping_3_3_4.png
image/1_ping_3_3_5.png,label/1_ping_3_3_5.png
image/2_heng_4_0_0.png,label/2_heng_4_0_0.png
image/2_heng_4_0_1.png,label/2_heng_4_0_1.png
image/2_heng_4_0_2.png,label/2_heng_4_0_2.png
image/2_heng_4_0_3.png,label/2_heng_4_0_3.png
image/2_heng_4_0_4.png,label/2_heng_4_0_4.png
image/2_heng_4_0_5.png,label/2_heng_4_0_5.png
image/2_heng_4_1_0.png,label/2_heng_4_1_0.png
image/2_heng_4_1_1.png,label/2_heng_4_1_1.png
image/2_heng_4_1_2.png,label/2_heng_4_1_2.png
image/2_heng_4_1_3.png,label/2_heng_4_1_3.png
image/2_heng_4_1_4.png,label/2_heng_4_1_4.png
image/2_heng_4_1_5.png,label/2_heng_4_1_5.png
image/2_heng_4_2_0.png,label/2_heng_4_2_0.png
image/2_heng_4_2_1.png,label/2_heng_4_2_1.png
image/2_heng_4_2_2.png,label/2_heng_4_2_2.png
image/2_heng_4_2_3.png,label/2_heng_4_2_3.png
image/2_heng_4_2_4.png,label/2_heng_4_2_4.png
image/2_heng_4_2_5.png,label/2_heng_4_2_5.png
image/2_heng_4_3_0.png,label/2_heng_4_3_0.png
image/2_heng_4_3_1.png,label/2_heng_4_3_1.png
image/2_heng_4_3_2.png,label/2_heng_4_3_2.png
image/2_heng_4_3_3.png,label/2_heng_4_3_3.png
image/2_heng_4_3_4.png,label/2_heng_4_3_4.png
image/2_heng_4_3_5.png,label/2_heng_4_3_5.png
image/2_heng_5_0_0.png,label/2_heng_5_0_0.png
image/2_heng_5_0_1.png,label/2_heng_5_0_1.png
image/2_heng_5_0_2.png,label/2_heng_5_0_2.png
image/2_heng_5_0_3.png,label/2_heng_5_0_3.png
image/2_heng_5_0_4.png,label/2_heng_5_0_4.png
image/2_heng_5_0_5.png,label/2_heng_5_0_5.png
image/2_heng_5_1_0.png,label/2_heng_5_1_0.png
image/2_heng_5_1_1.png,label/2_heng_5_1_1.png
image/2_heng_5_1_2.png,label/2_heng_5_1_2.png
image/2_heng_5_1_3.png,label/2_heng_5_1_3.png
image/2_heng_5_1_4.png,label/2_heng_5_1_4.png
image/2_heng_5_1_5.png,label/2_heng_5_1_5.png
image/2_heng_5_2_0.png,label/2_heng_5_2_0.png
image/2_heng_5_2_1.png,label/2_heng_5_2_1.png
image/2_heng_5_2_2.png,label/2_heng_5_2_2.png
image/2_heng_5_2_3.png,label/2_heng_5_2_3.png
image/2_heng_5_2_4.png,label/2_heng_5_2_4.png
image/2_heng_5_2_5.png,label/2_heng_5_2_5.png
image/2_heng_5_3_0.png,label/2_heng_5_3_0.png
image/2_heng_5_3_1.png,label/2_heng_5_3_1.png
image/2_heng_5_3_2.png,label/2_heng_5_3_2.png
image/2_heng_5_3_3.png,label/2_heng_5_3_3.png
image/2_heng_5_3_4.png,label/2_heng_5_3_4.png
image/2_heng_5_3_5.png,label/2_heng_5_3_5.png
image/2_ping_1h_2_0_0.png,label/2_ping_1h_2_0_0.png
image/2_ping_1h_2_0_1.png,label/2_ping_1h_2_0_1.png
image/2_ping_1h_2_0_2.png,label/2_ping_1h_2_0_2.png
image/2_ping_1h_2_0_3.png,label/2_ping_1h_2_0_3.png
image/2_ping_1h_2_0_4.png,label/2_ping_1h_2_0_4.png
image/2_ping_1h_2_0_5.png,label/2_ping_1h_2_0_5.png
image/2_ping_1h_2_1_0.png,label/2_ping_1h_2_1_0.png
image/2_ping_1h_2_1_1.png,label/2_ping_1h_2_1_1.png
image/2_ping_1h_2_1_2.png,label/2_ping_1h_2_1_2.png
image/2_ping_1h_2_1_3.png,label/2_ping_1h_2_1_3.png
image/2_ping_1h_2_1_4.png,label/2_ping_1h_2_1_4.png
image/2_ping_1h_2_1_5.png,label/2_ping_1h_2_1_5.png
image/2_ping_1h_2_2_0.png,label/2_ping_1h_2_2_0.png
image/2_ping_1h_2_2_1.png,label/2_ping_1h_2_2_1.png
image/2_ping_1h_2_2_2.png,label/2_ping_1h_2_2_2.png
image/2_ping_1h_2_2_3.png,label/2_ping_1h_2_2_3.png
image/2_ping_1h_2_2_4.png,label/2_ping_1h_2_2_4.png
image/2_ping_1h_2_2_5.png,label/2_ping_1h_2_2_5.png
image/2_ping_1h_2_3_0.png,label/2_ping_1h_2_3_0.png
image/2_ping_1h_2_3_1.png,label/2_ping_1h_2_3_1.png
image/2_ping_1h_2_3_2.png,label/2_ping_1h_2_3_2.png
image/2_ping_1h_2_3_3.png,label/2_ping_1h_2_3_3.png
image/2_ping_1h_2_3_4.png,label/2_ping_1h_2_3_4.png
image/2_ping_1h_2_3_5.png,label/2_ping_1h_2_3_5.png
image/2_ping_1h_4_0_0.png,label/2_ping_1h_4_0_0.png
image/2_ping_1h_4_0_1.png,label/2_ping_1h_4_0_1.png
image/2_ping_1h_4_0_2.png,label/2_ping_1h_4_0_2.png
image/2_ping_1h_4_0_3.png,label/2_ping_1h_4_0_3.png
image/2_ping_1h_4_0_4.png,label/2_ping_1h_4_0_4.png
image/2_ping_1h_4_0_5.png,label/2_ping_1h_4_0_5.png
image/2_ping_1h_4_1_0.png,label/2_ping_1h_4_1_0.png
image/2_ping_1h_4_1_1.png,label/2_ping_1h_4_1_1.png
image/2_ping_1h_4_1_2.png,label/2_ping_1h_4_1_2.png
image/2_ping_1h_4_1_3.png,label/2_ping_1h_4_1_3.png
image/2_ping_1h_4_1_4.png,label/2_ping_1h_4_1_4.png
image/2_ping_1h_4_1_5.png,label/2_ping_1h_4_1_5.png
image/2_ping_1h_4_2_0.png,label/2_ping_1h_4_2_0.png
image/2_ping_1h_4_2_1.png,label/2_ping_1h_4_2_1.png
image/2_ping_1h_4_2_2.png,label/2_ping_1h_4_2_2.png
image/2_ping_1h_4_2_3.png,label/2_ping_1h_4_2_3.png
image/2_ping_1h_4_2_4.png,label/2_ping_1h_4_2_4.png
image/2_ping_1h_4_2_5.png,label/2_ping_1h_4_2_5.png
image/2_ping_1h_4_3_0.png,label/2_ping_1h_4_3_0.png
image/2_ping_1h_4_3_1.png,label/2_ping_1h_4_3_1.png
image/2_ping_1h_4_3_2.png,label/2_ping_1h_4_3_2.png
image/2_ping_1h_4_3_3.png,label/2_ping_1h_4_3_3.png
image/2_ping_1h_4_3_4.png,label/2_ping_1h_4_3_4.png
image/2_ping_1h_4_3_5.png,label/2_ping_1h_4_3_5.png
image/2_ping_1h_5_0_0.png,label/2_ping_1h_5_0_0.png
image/2_ping_1h_5_0_1.png,label/2_ping_1h_5_0_1.png
image/2_ping_1h_5_0_2.png,label/2_ping_1h_5_0_2.png
image/2_ping_1h_5_0_3.png,label/2_ping_1h_5_0_3.png
image/2_ping_1h_5_0_4.png,label/2_ping_1h_5_0_4.png
image/2_ping_1h_5_0_5.png,label/2_ping_1h_5_0_5.png
image/2_ping_1h_5_1_0.png,label/2_ping_1h_5_1_0.png
image/2_ping_1h_5_1_1.png,label/2_ping_1h_5_1_1.png
image/2_ping_1h_5_1_2.png,label/2_ping_1h_5_1_2.png
image/2_ping_1h_5_1_3.png,label/2_ping_1h_5_1_3.png
image/2_ping_1h_5_1_4.png,label/2_ping_1h_5_1_4.png
image/2_ping_1h_5_1_5.png,label/2_ping_1h_5_1_5.png
image/2_ping_1h_5_2_0.png,label/2_ping_1h_5_2_0.png
image/2_ping_1h_5_2_1.png,label/2_ping_1h_5_2_1.png
image/2_ping_1h_5_2_2.png,label/2_ping_1h_5_2_2.png
image/2_ping_1h_5_2_3.png,label/2_ping_1h_5_2_3.png
image/2_ping_1h_5_2_4.png,label/2_ping_1h_5_2_4.png
image/2_ping_1h_5_2_5.png,label/2_ping_1h_5_2_5.png
image/2_ping_1h_5_3_0.png,label/2_ping_1h_5_3_0.png
image/2_ping_1h_5_3_1.png,label/2_ping_1h_5_3_1.png
image/2_ping_1h_5_3_2.png,label/2_ping_1h_5_3_2.png
image/2_ping_1h_5_3_3.png,label/2_ping_1h_5_3_3.png
image/2_ping_1h_5_3_4.png,label/2_ping_1h_5_3_4.png
image/2_ping_1h_5_3_5.png,label/2_ping_1h_5_3_5.png
image/2_ping_1_0_0.png,label/2_ping_1_0_0.png
image/2_ping_1_0_1.png,label/2_ping_1_0_1.png
image/2_ping_1_0_2.png,label/2_ping_1_0_2.png
image/2_ping_1_0_3.png,label/2_ping_1_0_3.png
image/2_ping_1_0_4.png,label/2_ping_1_0_4.png
image/2_ping_1_0_5.png,label/2_ping_1_0_5.png
image/2_ping_1_1_0.png,label/2_ping_1_1_0.png
image/2_ping_1_1_1.png,label/2_ping_1_1_1.png
image/2_ping_1_1_2.png,label/2_ping_1_1_2.png
image/2_ping_1_1_3.png,label/2_ping_1_1_3.png
image/2_ping_1_1_4.png,label/2_ping_1_1_4.png
image/2_ping_1_1_5.png,label/2_ping_1_1_5.png
image/2_ping_1_2_0.png,label/2_ping_1_2_0.png
image/2_ping_1_2_1.png,label/2_ping_1_2_1.png
image/2_ping_1_2_2.png,label/2_ping_1_2_2.png
image/2_ping_1_2_3.png,label/2_ping_1_2_3.png
image/2_ping_1_2_4.png,label/2_ping_1_2_4.png
image/2_ping_1_2_5.png,label/2_ping_1_2_5.png
image/2_ping_1_3_0.png,label/2_ping_1_3_0.png
image/2_ping_1_3_1.png,label/2_ping_1_3_1.png
image/2_ping_1_3_2.png,label/2_ping_1_3_2.png
image/2_ping_1_3_3.png,label/2_ping_1_3_3.png
image/2_ping_1_3_4.png,label/2_ping_1_3_4.png
image/2_ping_1_3_5.png,label/2_ping_1_3_5.png
image/2_ping_2h_4_0_0.png,label/2_ping_2h_4_0_0.png
image/2_ping_2h_4_0_1.png,label/2_ping_2h_4_0_1.png
image/2_ping_2h_4_0_2.png,label/2_ping_2h_4_0_2.png
image/2_ping_2h_4_0_3.png,label/2_ping_2h_4_0_3.png
image/2_ping_2h_4_0_4.png,label/2_ping_2h_4_0_4.png
image/2_ping_2h_4_0_5.png,label/2_ping_2h_4_0_5.png
image/2_ping_2h_4_1_0.png,label/2_ping_2h_4_1_0.png
image/2_ping_2h_4_1_1.png,label/2_ping_2h_4_1_1.png
image/2_ping_2h_4_1_2.png,label/2_ping_2h_4_1_2.png
image/2_ping_2h_4_1_3.png,label/2_ping_2h_4_1_3.png
image/2_ping_2h_4_1_4.png,label/2_ping_2h_4_1_4.png
image/2_ping_2h_4_1_5.png,label/2_ping_2h_4_1_5.png
image/2_ping_2h_4_2_0.png,label/2_ping_2h_4_2_0.png
image/2_ping_2h_4_2_1.png,label/2_ping_2h_4_2_1.png
image/2_ping_2h_4_2_2.png,label/2_ping_2h_4_2_2.png
image/2_ping_2h_4_2_3.png,label/2_ping_2h_4_2_3.png
image/2_ping_2h_4_2_4.png,label/2_ping_2h_4_2_4.png
image/2_ping_2h_4_2_5.png,label/2_ping_2h_4_2_5.png
image/2_ping_2h_4_3_0.png,label/2_ping_2h_4_3_0.png
image/2_ping_2h_4_3_1.png,label/2_ping_2h_4_3_1.png
image/2_ping_2h_4_3_2.png,label/2_ping_2h_4_3_2.png
image/2_ping_2h_4_3_3.png,label/2_ping_2h_4_3_3.png
image/2_ping_2h_4_3_4.png,label/2_ping_2h_4_3_4.png
image/2_ping_2h_4_3_5.png,label/2_ping_2h_4_3_5.png
image/2_ping_2h_5_0_0.png,label/2_ping_2h_5_0_0.png
image/2_ping_2h_5_0_1.png,label/2_ping_2h_5_0_1.png
image/2_ping_2h_5_0_2.png,label/2_ping_2h_5_0_2.png
image/2_ping_2h_5_0_3.png,label/2_ping_2h_5_0_3.png
image/2_ping_2h_5_0_4.png,label/2_ping_2h_5_0_4.png
image/2_ping_2h_5_0_5.png,label/2_ping_2h_5_0_5.png
image/2_ping_2h_5_1_0.png,label/2_ping_2h_5_1_0.png
image/2_ping_2h_5_1_1.png,label/2_ping_2h_5_1_1.png
image/2_ping_2h_5_1_2.png,label/2_ping_2h_5_1_2.png
image/2_ping_2h_5_1_3.png,label/2_ping_2h_5_1_3.png
image/2_ping_2h_5_1_4.png,label/2_ping_2h_5_1_4.png
image/2_ping_2h_5_1_5.png,label/2_ping_2h_5_1_5.png
image/2_ping_2h_5_2_0.png,label/2_ping_2h_5_2_0.png
image/2_ping_2h_5_2_1.png,label/2_ping_2h_5_2_1.png
image/2_ping_2h_5_2_2.png,label/2_ping_2h_5_2_2.png
image/2_ping_2h_5_2_3.png,label/2_ping_2h_5_2_3.png
image/2_ping_2h_5_2_4.png,label/2_ping_2h_5_2_4.png
image/2_ping_2h_5_2_5.png,label/2_ping_2h_5_2_5.png
image/2_ping_2h_5_3_0.png,label/2_ping_2h_5_3_0.png
image/2_ping_2h_5_3_1.png,label/2_ping_2h_5_3_1.png
image/2_ping_2h_5_3_2.png,label/2_ping_2h_5_3_2.png
image/2_ping_2h_5_3_3.png,label/2_ping_2h_5_3_3.png
image/2_ping_2h_5_3_4.png,label/2_ping_2h_5_3_4.png
image/2_ping_2h_5_3_5.png,label/2_ping_2h_5_3_5.png
image/2_ping_3_0_0.png,label/2_ping_3_0_0.png
image/2_ping_3_0_1.png,label/2_ping_3_0_1.png
image/2_ping_3_0_2.png,label/2_ping_3_0_2.png
image/2_ping_3_0_3.png,label/2_ping_3_0_3.png
image/2_ping_3_0_4.png,label/2_ping_3_0_4.png
image/2_ping_3_0_5.png,label/2_ping_3_0_5.png
image/2_ping_3_1_0.png,label/2_ping_3_1_0.png
image/2_ping_3_1_1.png,label/2_ping_3_1_1.png
image/2_ping_3_1_2.png,label/2_ping_3_1_2.png
image/2_ping_3_1_3.png,label/2_ping_3_1_3.png
image/2_ping_3_1_4.png,label/2_ping_3_1_4.png
image/2_ping_3_1_5.png,label/2_ping_3_1_5.png
image/2_ping_3_2_0.png,label/2_ping_3_2_0.png
image/2_ping_3_2_1.png,label/2_ping_3_2_1.png
image/2_ping_3_2_2.png,label/2_ping_3_2_2.png
image/2_ping_3_2_3.png,label/2_ping_3_2_3.png
image/2_ping_3_2_4.png,label/2_ping_3_2_4.png
image/2_ping_3_2_5.png,label/2_ping_3_2_5.png
image/2_ping_3_3_0.png,label/2_ping_3_3_0.png
image/2_ping_3_3_1.png,label/2_ping_3_3_1.png
image/2_ping_3_3_2.png,label/2_ping_3_3_2.png
image/2_ping_3_3_3.png,label/2_ping_3_3_3.png
image/2_ping_3_3_4.png,label/2_ping_3_3_4.png
image/2_ping_3_3_5.png,label/2_ping_3_3_5.png
image/3_heng_4_0_0.png,label/3_heng_4_0_0.png
image/3_heng_4_0_1.png,label/3_heng_4_0_1.png
image/3_heng_4_0_2.png,label/3_heng_4_0_2.png
image/3_heng_4_0_3.png,label/3_heng_4_0_3.png
image/3_heng_4_0_4.png,label/3_heng_4_0_4.png
image/3_heng_4_0_5.png,label/3_heng_4_0_5.png
image/3_heng_4_1_0.png,label/3_heng_4_1_0.png
image/3_heng_4_1_1.png,label/3_heng_4_1_1.png
image/3_heng_4_1_2.png,label/3_heng_4_1_2.png
image/3_heng_4_1_3.png,label/3_heng_4_1_3.png
image/3_heng_4_1_4.png,label/3_heng_4_1_4.png
image/3_heng_4_1_5.png,label/3_heng_4_1_5.png
image/3_heng_4_2_0.png,label/3_heng_4_2_0.png
image/3_heng_4_2_1.png,label/3_heng_4_2_1.png
image/3_heng_4_2_2.png,label/3_heng_4_2_2.png
image/3_heng_4_2_3.png,label/3_heng_4_2_3.png
image/3_heng_4_2_4.png,label/3_heng_4_2_4.png
image/3_heng_4_2_5.png,label/3_heng_4_2_5.png
image/3_heng_4_3_0.png,label/3_heng_4_3_0.png
image/3_heng_4_3_1.png,label/3_heng_4_3_1.png
image/3_heng_4_3_2.png,label/3_heng_4_3_2.png
image/3_heng_4_3_3.png,label/3_heng_4_3_3.png
image/3_heng_4_3_4.png,label/3_heng_4_3_4.png
image/3_heng_4_3_5.png,label/3_heng_4_3_5.png
image/3_heng_5_0_0.png,label/3_heng_5_0_0.png
image/3_heng_5_0_1.png,label/3_heng_5_0_1.png
image/3_heng_5_0_2.png,label/3_heng_5_0_2.png
image/3_heng_5_0_3.png,label/3_heng_5_0_3.png
image/3_heng_5_0_4.png,label/3_heng_5_0_4.png
image/3_heng_5_0_5.png,label/3_heng_5_0_5.png
image/3_heng_5_1_0.png,label/3_heng_5_1_0.png
image/3_heng_5_1_1.png,label/3_heng_5_1_1.png
image/3_heng_5_1_2.png,label/3_heng_5_1_2.png
image/3_heng_5_1_3.png,label/3_heng_5_1_3.png
image/3_heng_5_1_4.png,label/3_heng_5_1_4.png
image/3_heng_5_1_5.png,label/3_heng_5_1_5.png
image/3_heng_5_2_0.png,label/3_heng_5_2_0.png
image/3_heng_5_2_1.png,label/3_heng_5_2_1.png
image/3_heng_5_2_2.png,label/3_heng_5_2_2.png
image/3_heng_5_2_3.png,label/3_heng_5_2_3.png
image/3_heng_5_2_4.png,label/3_heng_5_2_4.png
image/3_heng_5_2_5.png,label/3_heng_5_2_5.png
image/3_heng_5_3_0.png,label/3_heng_5_3_0.png
image/3_heng_5_3_1.png,label/3_heng_5_3_1.png
image/3_heng_5_3_2.png,label/3_heng_5_3_2.png
image/3_heng_5_3_3.png,label/3_heng_5_3_3.png
image/3_heng_5_3_4.png,label/3_heng_5_3_4.png
image/3_heng_5_3_5.png,label/3_heng_5_3_5.png
image/3_ping_1h_2_0_0.png,label/3_ping_1h_2_0_0.png
image/3_ping_1h_2_0_1.png,label/3_ping_1h_2_0_1.png
image/3_ping_1h_2_0_2.png,label/3_ping_1h_2_0_2.png
image/3_ping_1h_2_0_3.png,label/3_ping_1h_2_0_3.png
image/3_ping_1h_2_0_4.png,label/3_ping_1h_2_0_4.png
image/3_ping_1h_2_0_5.png,label/3_ping_1h_2_0_5.png
image/3_ping_1h_2_1_0.png,label/3_ping_1h_2_1_0.png
image/3_ping_1h_2_1_1.png,label/3_ping_1h_2_1_1.png
image/3_ping_1h_2_1_2.png,label/3_ping_1h_2_1_2.png
image/3_ping_1h_2_1_3.png,label/3_ping_1h_2_1_3.png
image/3_ping_1h_2_1_4.png,label/3_ping_1h_2_1_4.png
image/3_ping_1h_2_1_5.png,label/3_ping_1h_2_1_5.png
image/3_ping_1h_2_2_0.png,label/3_ping_1h_2_2_0.png
image/3_ping_1h_2_2_1.png,label/3_ping_1h_2_2_1.png
image/3_ping_1h_2_2_2.png,label/3_ping_1h_2_2_2.png
image/3_ping_1h_2_2_3.png,label/3_ping_1h_2_2_3.png
image/3_ping_1h_2_2_4.png,label/3_ping_1h_2_2_4.png
image/3_ping_1h_2_2_5.png,label/3_ping_1h_2_2_5.png
image/3_ping_1h_2_3_0.png,label/3_ping_1h_2_3_0.png
image/3_ping_1h_2_3_1.png,label/3_ping_1h_2_3_1.png
image/3_ping_1h_2_3_2.png,label/3_ping_1h_2_3_2.png
image/3_ping_1h_2_3_3.png,label/3_ping_1h_2_3_3.png
image/3_ping_1h_2_3_4.png,label/3_ping_1h_2_3_4.png
image/3_ping_1h_2_3_5.png,label/3_ping_1h_2_3_5.png
image/3_ping_1h_4_0_0.png,label/3_ping_1h_4_0_0.png
image/3_ping_1h_4_0_1.png,label/3_ping_1h_4_0_1.png
image/3_ping_1h_4_0_2.png,label/3_ping_1h_4_0_2.png
image/3_ping_1h_4_0_3.png,label/3_ping_1h_4_0_3.png
image/3_ping_1h_4_0_4.png,label/3_ping_1h_4_0_4.png
image/3_ping_1h_4_0_5.png,label/3_ping_1h_4_0_5.png
image/3_ping_1h_4_1_0.png,label/3_ping_1h_4_1_0.png
image/3_ping_1h_4_1_1.png,label/3_ping_1h_4_1_1.png
image/3_ping_1h_4_1_2.png,label/3_ping_1h_4_1_2.png
image/3_ping_1h_4_1_3.png,label/3_ping_1h_4_1_3.png
image/3_ping_1h_4_1_4.png,label/3_ping_1h_4_1_4.png
image/3_ping_1h_4_1_5.png,label/3_ping_1h_4_1_5.png
image/3_ping_1h_4_2_0.png,label/3_ping_1h_4_2_0.png
image/3_ping_1h_4_2_1.png,label/3_ping_1h_4_2_1.png
image/3_ping_1h_4_2_2.png,label/3_ping_1h_4_2_2.png
image/3_ping_1h_4_2_3.png,label/3_ping_1h_4_2_3.png
image/3_ping_1h_4_2_4.png,label/3_ping_1h_4_2_4.png
image/3_ping_1h_4_2_5.png,label/3_ping_1h_4_2_5.png
image/3_ping_1h_4_3_0.png,label/3_ping_1h_4_3_0.png
image/3_ping_1h_4_3_1.png,label/3_ping_1h_4_3_1.png
image/3_ping_1h_4_3_2.png,label/3_ping_1h_4_3_2.png
image/3_ping_1h_4_3_3.png,label/3_ping_1h_4_3_3.png
image/3_ping_1h_4_3_4.png,label/3_ping_1h_4_3_4.png
image/3_ping_1h_4_3_5.png,label/3_ping_1h_4_3_5.png
image/3_ping_1h_5_0_0.png,label/3_ping_1h_5_0_0.png
image/3_ping_1h_5_0_1.png,label/3_ping_1h_5_0_1.png
image/3_ping_1h_5_0_2.png,label/3_ping_1h_5_0_2.png
image/3_ping_1h_5_0_3.png,label/3_ping_1h_5_0_3.png
image/3_ping_1h_5_0_4.png,label/3_ping_1h_5_0_4.png
image/3_ping_1h_5_0_5.png,label/3_ping_1h_5_0_5.png
image/3_ping_1h_5_1_0.png,label/3_ping_1h_5_1_0.png
image/3_ping_1h_5_1_1.png,label/3_ping_1h_5_1_1.png
image/3_ping_1h_5_1_2.png,label/3_ping_1h_5_1_2.png
image/3_ping_1h_5_1_3.png,label/3_ping_1h_5_1_3.png
image/3_ping_1h_5_1_4.png,label/3_ping_1h_5_1_4.png
image/3_ping_1h_5_1_5.png,label/3_ping_1h_5_1_5.png
image/3_ping_1h_5_2_0.png,label/3_ping_1h_5_2_0.png
image/3_ping_1h_5_2_1.png,label/3_ping_1h_5_2_1.png
image/3_ping_1h_5_2_2.png,label/3_ping_1h_5_2_2.png
image/3_ping_1h_5_2_3.png,label/3_ping_1h_5_2_3.png
image/3_ping_1h_5_2_4.png,label/3_ping_1h_5_2_4.png
image/3_ping_1h_5_2_5.png,label/3_ping_1h_5_2_5.png
image/3_ping_1h_5_3_0.png,label/3_ping_1h_5_3_0.png
image/3_ping_1h_5_3_1.png,label/3_ping_1h_5_3_1.png
image/3_ping_1h_5_3_2.png,label/3_ping_1h_5_3_2.png
image/3_ping_1h_5_3_3.png,label/3_ping_1h_5_3_3.png
image/3_ping_1h_5_3_4.png,label/3_ping_1h_5_3_4.png
image/3_ping_1h_5_3_5.png,label/3_ping_1h_5_3_5.png
image/3_ping_1_0_0.png,label/3_ping_1_0_0.png
image/3_ping_1_0_1.png,label/3_ping_1_0_1.png
image/3_ping_1_0_2.png,label/3_ping_1_0_2.png
image/3_ping_1_0_3.png,label/3_ping_1_0_3.png
image/3_ping_1_0_4.png,label/3_ping_1_0_4.png
image/3_ping_1_0_5.png,label/3_ping_1_0_5.png
image/3_ping_1_1_0.png,label/3_ping_1_1_0.png
image/3_ping_1_1_1.png,label/3_ping_1_1_1.png
image/3_ping_1_1_2.png,label/3_ping_1_1_2.png
image/3_ping_1_1_3.png,label/3_ping_1_1_3.png
image/3_ping_1_1_4.png,label/3_ping_1_1_4.png
image/3_ping_1_1_5.png,label/3_ping_1_1_5.png
image/3_ping_1_2_0.png,label/3_ping_1_2_0.png
image/3_ping_1_2_1.png,label/3_ping_1_2_1.png
image/3_ping_1_2_2.png,label/3_ping_1_2_2.png
image/3_ping_1_2_3.png,label/3_ping_1_2_3.png
image/3_ping_1_2_4.png,label/3_ping_1_2_4.png
image/3_ping_1_2_5.png,label/3_ping_1_2_5.png
image/3_ping_1_3_0.png,label/3_ping_1_3_0.png
image/3_ping_1_3_1.png,label/3_ping_1_3_1.png
image/3_ping_1_3_2.png,label/3_ping_1_3_2.png
image/3_ping_1_3_3.png,label/3_ping_1_3_3.png
image/3_ping_1_3_4.png,label/3_ping_1_3_4.png
image/3_ping_1_3_5.png,label/3_ping_1_3_5.png
image/3_ping_2h_4_0_0.png,label/3_ping_2h_4_0_0.png
image/3_ping_2h_4_0_1.png,label/3_ping_2h_4_0_1.png
image/3_ping_2h_4_0_2.png,label/3_ping_2h_4_0_2.png
image/3_ping_2h_4_0_3.png,label/3_ping_2h_4_0_3.png
image/3_ping_2h_4_0_4.png,label/3_ping_2h_4_0_4.png
image/3_ping_2h_4_0_5.png,label/3_ping_2h_4_0_5.png
image/3_ping_2h_4_1_0.png,label/3_ping_2h_4_1_0.png
image/3_ping_2h_4_1_1.png,label/3_ping_2h_4_1_1.png
image/3_ping_2h_4_1_2.png,label/3_ping_2h_4_1_2.png
image/3_ping_2h_4_1_3.png,label/3_ping_2h_4_1_3.png
image/3_ping_2h_4_1_4.png,label/3_ping_2h_4_1_4.png
image/3_ping_2h_4_1_5.png,label/3_ping_2h_4_1_5.png
image/3_ping_2h_4_2_0.png,label/3_ping_2h_4_2_0.png
image/3_ping_2h_4_2_1.png,label/3_ping_2h_4_2_1.png
image/3_ping_2h_4_2_2.png,label/3_ping_2h_4_2_2.png
image/3_ping_2h_4_2_3.png,label/3_ping_2h_4_2_3.png
image/3_ping_2h_4_2_4.png,label/3_ping_2h_4_2_4.png
image/3_ping_2h_4_2_5.png,label/3_ping_2h_4_2_5.png
image/3_ping_2h_4_3_0.png,label/3_ping_2h_4_3_0.png
image/3_ping_2h_4_3_1.png,label/3_ping_2h_4_3_1.png
image/3_ping_2h_4_3_2.png,label/3_ping_2h_4_3_2.png
image/3_ping_2h_4_3_3.png,label/3_ping_2h_4_3_3.png
image/3_ping_2h_4_3_4.png,label/3_ping_2h_4_3_4.png
image/3_ping_2h_4_3_5.png,label/3_ping_2h_4_3_5.png
image/3_ping_2h_5_0_0.png,label/3_ping_2h_5_0_0.png
image/3_ping_2h_5_0_1.png,label/3_ping_2h_5_0_1.png
image/3_ping_2h_5_0_2.png,label/3_ping_2h_5_0_2.png
image/3_ping_2h_5_0_3.png,label/3_ping_2h_5_0_3.png
image/3_ping_2h_5_0_4.png,label/3_ping_2h_5_0_4.png
image/3_ping_2h_5_0_5.png,label/3_ping_2h_5_0_5.png
image/3_ping_2h_5_1_0.png,label/3_ping_2h_5_1_0.png
image/3_ping_2h_5_1_1.png,label/3_ping_2h_5_1_1.png
image/3_ping_2h_5_1_2.png,label/3_ping_2h_5_1_2.png
image/3_ping_2h_5_1_3.png,label/3_ping_2h_5_1_3.png
image/3_ping_2h_5_1_4.png,label/3_ping_2h_5_1_4.png
image/3_ping_2h_5_1_5.png,label/3_ping_2h_5_1_5.png
image/3_ping_2h_5_2_0.png,label/3_ping_2h_5_2_0.png
image/3_ping_2h_5_2_1.png,label/3_ping_2h_5_2_1.png
image/3_ping_2h_5_2_2.png,label/3_ping_2h_5_2_2.png
image/3_ping_2h_5_2_3.png,label/3_ping_2h_5_2_3.png
image/3_ping_2h_5_2_4.png,label/3_ping_2h_5_2_4.png
image/3_ping_2h_5_2_5.png,label/3_ping_2h_5_2_5.png
image/3_ping_2h_5_3_0.png,label/3_ping_2h_5_3_0.png
image/3_ping_2h_5_3_1.png,label/3_ping_2h_5_3_1.png
image/3_ping_2h_5_3_2.png,label/3_ping_2h_5_3_2.png
image/3_ping_2h_5_3_3.png,label/3_ping_2h_5_3_3.png
image/3_ping_2h_5_3_4.png,label/3_ping_2h_5_3_4.png
image/3_ping_2h_5_3_5.png,label/3_ping_2h_5_3_5.png
image/3_ping_3_0_0.png,label/3_ping_3_0_0.png
image/3_ping_3_0_1.png,label/3_ping_3_0_1.png
image/3_ping_3_0_2.png,label/3_ping_3_0_2.png
image/3_ping_3_0_3.png,label/3_ping_3_0_3.png
image/3_ping_3_0_4.png,label/3_ping_3_0_4.png
image/3_ping_3_0_5.png,label/3_ping_3_0_5.png
image/3_ping_3_1_0.png,label/3_ping_3_1_0.png
image/3_ping_3_1_1.png,label/3_ping_3_1_1.png
image/3_ping_3_1_2.png,label/3_ping_3_1_2.png
image/3_ping_3_1_3.png,label/3_ping_3_1_3.png
image/3_ping_3_1_4.png,label/3_ping_3_1_4.png
image/3_ping_3_1_5.png,label/3_ping_3_1_5.png
image/3_ping_3_2_0.png,label/3_ping_3_2_0.png
image/3_ping_3_2_1.png,label/3_ping_3_2_1.png
image/3_ping_3_2_2.png,label/3_ping_3_2_2.png
image/3_ping_3_2_3.png,label/3_ping_3_2_3.png
image/3_ping_3_2_4.png,label/3_ping_3_2_4.png
image/3_ping_3_2_5.png,label/3_ping_3_2_5.png
image/3_ping_3_3_0.png,label/3_ping_3_3_0.png
image/3_ping_3_3_1.png,label/3_ping_3_3_1.png
image/3_ping_3_3_2.png,label/3_ping_3_3_2.png
image/3_ping_3_3_3.png,label/3_ping_3_3_3.png
image/3_ping_3_3_4.png,label/3_ping_3_3_4.png
image/3_ping_3_3_5.png,label/3_ping_3_3_5.png
image/heng_4_0_0.png,label/heng_4_0_0.png
image/heng_4_0_1.png,label/heng_4_0_1.png
image/heng_4_0_2.png,label/heng_4_0_2.png
image/heng_4_0_3.png,label/heng_4_0_3.png
image/heng_4_0_4.png,label/heng_4_0_4.png
image/heng_4_0_5.png,label/heng_4_0_5.png
image/heng_4_1_0.png,label/heng_4_1_0.png
image/heng_4_1_1.png,label/heng_4_1_1.png
image/heng_4_1_2.png,label/heng_4_1_2.png
image/heng_4_1_3.png,label/heng_4_1_3.png
image/heng_4_1_4.png,label/heng_4_1_4.png
image/heng_4_1_5.png,label/heng_4_1_5.png
image/heng_4_2_0.png,label/heng_4_2_0.png
image/heng_4_2_1.png,label/heng_4_2_1.png
image/heng_4_2_2.png,label/heng_4_2_2.png
image/heng_4_2_3.png,label/heng_4_2_3.png
image/heng_4_2_4.png,label/heng_4_2_4.png
image/heng_4_2_5.png,label/heng_4_2_5.png
image/heng_4_3_0.png,label/heng_4_3_0.png
image/heng_4_3_1.png,label/heng_4_3_1.png
image/heng_4_3_2.png,label/heng_4_3_2.png
image/heng_4_3_3.png,label/heng_4_3_3.png
image/heng_4_3_4.png,label/heng_4_3_4.png
image/heng_4_3_5.png,label/heng_4_3_5.png
image/heng_5_0_0.png,label/heng_5_0_0.png
image/heng_5_0_1.png,label/heng_5_0_1.png
image/heng_5_0_2.png,label/heng_5_0_2.png
image/heng_5_0_3.png,label/heng_5_0_3.png
image/heng_5_0_4.png,label/heng_5_0_4.png
image/heng_5_0_5.png,label/heng_5_0_5.png
image/heng_5_1_0.png,label/heng_5_1_0.png
image/heng_5_1_1.png,label/heng_5_1_1.png
image/heng_5_1_2.png,label/heng_5_1_2.png
image/heng_5_1_3.png,label/heng_5_1_3.png
image/heng_5_1_4.png,label/heng_5_1_4.png
image/heng_5_1_5.png,label/heng_5_1_5.png
image/heng_5_2_0.png,label/heng_5_2_0.png
image/heng_5_2_1.png,label/heng_5_2_1.png
image/heng_5_2_2.png,label/heng_5_2_2.png
image/heng_5_2_3.png,label/heng_5_2_3.png
image/heng_5_2_4.png,label/heng_5_2_4.png
image/heng_5_2_5.png,label/heng_5_2_5.png
image/heng_5_3_0.png,label/heng_5_3_0.png
image/heng_5_3_1.png,label/heng_5_3_1.png
image/heng_5_3_2.png,label/heng_5_3_2.png
image/heng_5_3_3.png,label/heng_5_3_3.png
image/heng_5_3_4.png,label/heng_5_3_4.png
image/heng_5_3_5.png,label/heng_5_3_5.png
image/ping_1h_2_0_0.png,label/ping_1h_2_0_0.png
image/ping_1h_2_0_1.png,label/ping_1h_2_0_1.png
image/ping_1h_2_0_2.png,label/ping_1h_2_0_2.png
image/ping_1h_2_0_3.png,label/ping_1h_2_0_3.png
image/ping_1h_2_0_4.png,label/ping_1h_2_0_4.png
image/ping_1h_2_0_5.png,label/ping_1h_2_0_5.png
image/ping_1h_2_1_0.png,label/ping_1h_2_1_0.png
image/ping_1h_2_1_1.png,label/ping_1h_2_1_1.png
image/ping_1h_2_1_2.png,label/ping_1h_2_1_2.png
image/ping_1h_2_1_3.png,label/ping_1h_2_1_3.png
image/ping_1h_2_1_4.png,label/ping_1h_2_1_4.png
image/ping_1h_2_1_5.png,label/ping_1h_2_1_5.png
image/ping_1h_2_2_0.png,label/ping_1h_2_2_0.png
image/ping_1h_2_2_1.png,label/ping_1h_2_2_1.png
image/ping_1h_2_2_2.png,label/ping_1h_2_2_2.png
image/ping_1h_2_2_3.png,label/ping_1h_2_2_3.png
image/ping_1h_2_2_4.png,label/ping_1h_2_2_4.png
image/ping_1h_2_2_5.png,label/ping_1h_2_2_5.png
image/ping_1h_2_3_0.png,label/ping_1h_2_3_0.png
image/ping_1h_2_3_1.png,label/ping_1h_2_3_1.png
image/ping_1h_2_3_2.png,label/ping_1h_2_3_2.png
image/ping_1h_2_3_3.png,label/ping_1h_2_3_3.png
image/ping_1h_2_3_4.png,label/ping_1h_2_3_4.png
image/ping_1h_2_3_5.png,label/ping_1h_2_3_5.png
image/ping_1h_4_0_0.png,label/ping_1h_4_0_0.png
image/ping_1h_4_0_1.png,label/ping_1h_4_0_1.png
image/ping_1h_4_0_2.png,label/ping_1h_4_0_2.png
image/ping_1h_4_0_3.png,label/ping_1h_4_0_3.png
image/ping_1h_4_0_4.png,label/ping_1h_4_0_4.png
image/ping_1h_4_0_5.png,label/ping_1h_4_0_5.png
image/ping_1h_4_1_0.png,label/ping_1h_4_1_0.png
image/ping_1h_4_1_1.png,label/ping_1h_4_1_1.png
image/ping_1h_4_1_2.png,label/ping_1h_4_1_2.png
image/ping_1h_4_1_3.png,label/ping_1h_4_1_3.png
image/ping_1h_4_1_4.png,label/ping_1h_4_1_4.png
image/ping_1h_4_1_5.png,label/ping_1h_4_1_5.png
image/ping_1h_4_2_0.png,label/ping_1h_4_2_0.png
image/ping_1h_4_2_1.png,label/ping_1h_4_2_1.png
image/ping_1h_4_2_2.png,label/ping_1h_4_2_2.png
image/ping_1h_4_2_3.png,label/ping_1h_4_2_3.png
image/ping_1h_4_2_4.png,label/ping_1h_4_2_4.png
image/ping_1h_4_2_5.png,label/ping_1h_4_2_5.png
image/ping_1h_4_3_0.png,label/ping_1h_4_3_0.png
image/ping_1h_4_3_1.png,label/ping_1h_4_3_1.png
image/ping_1h_4_3_2.png,label/ping_1h_4_3_2.png
image/ping_1h_4_3_3.png,label/ping_1h_4_3_3.png
image/ping_1h_4_3_4.png,label/ping_1h_4_3_4.png
image/ping_1h_4_3_5.png,label/ping_1h_4_3_5.png
image/ping_1h_5_0_0.png,label/ping_1h_5_0_0.png
image/ping_1h_5_0_1.png,label/ping_1h_5_0_1.png
image/ping_1h_5_0_2.png,label/ping_1h_5_0_2.png
image/ping_1h_5_0_3.png,label/ping_1h_5_0_3.png
image/ping_1h_5_0_4.png,label/ping_1h_5_0_4.png
image/ping_1h_5_0_5.png,label/ping_1h_5_0_5.png
image/ping_1h_5_1_0.png,label/ping_1h_5_1_0.png
image/ping_1h_5_1_1.png,label/ping_1h_5_1_1.png
image/ping_1h_5_1_2.png,label/ping_1h_5_1_2.png
image/ping_1h_5_1_3.png,label/ping_1h_5_1_3.png
image/ping_1h_5_1_4.png,label/ping_1h_5_1_4.png
image/ping_1h_5_1_5.png,label/ping_1h_5_1_5.png
image/ping_1h_5_2_0.png,label/ping_1h_5_2_0.png
image/ping_1h_5_2_1.png,label/ping_1h_5_2_1.png
image/ping_1h_5_2_2.png,label/ping_1h_5_2_2.png
image/ping_1h_5_2_3.png,label/ping_1h_5_2_3.png
image/ping_1h_5_2_4.png,label/ping_1h_5_2_4.png
image/ping_1h_5_2_5.png,label/ping_1h_5_2_5.png
image/ping_1h_5_3_0.png,label/ping_1h_5_3_0.png
image/ping_1h_5_3_1.png,label/ping_1h_5_3_1.png
image/ping_1h_5_3_2.png,label/ping_1h_5_3_2.png
image/ping_1h_5_3_3.png,label/ping_1h_5_3_3.png
image/ping_1h_5_3_4.png,label/ping_1h_5_3_4.png
image/ping_1h_5_3_5.png,label/ping_1h_5_3_5.png
image/ping_1_0_0.png,label/ping_1_0_0.png
image/ping_1_0_1.png,label/ping_1_0_1.png
image/ping_1_0_2.png,label/ping_1_0_2.png
image/ping_1_0_3.png,label/ping_1_0_3.png
image/ping_1_0_4.png,label/ping_1_0_4.png
image/ping_1_0_5.png,label/ping_1_0_5.png
image/ping_1_1_0.png,label/ping_1_1_0.png
image/ping_1_1_1.png,label/ping_1_1_1.png
image/ping_1_1_2.png,label/ping_1_1_2.png
image/ping_1_1_3.png,label/ping_1_1_3.png
image/ping_1_1_4.png,label/ping_1_1_4.png
image/ping_1_1_5.png,label/ping_1_1_5.png
image/ping_1_2_0.png,label/ping_1_2_0.png
image/ping_1_2_1.png,label/ping_1_2_1.png
image/ping_1_2_2.png,label/ping_1_2_2.png
image/ping_1_2_3.png,label/ping_1_2_3.png
image/ping_1_2_4.png,label/ping_1_2_4.png
image/ping_1_2_5.png,label/ping_1_2_5.png
image/ping_1_3_0.png,label/ping_1_3_0.png
image/ping_1_3_1.png,label/ping_1_3_1.png
image/ping_1_3_2.png,label/ping_1_3_2.png
image/ping_1_3_3.png,label/ping_1_3_3.png
image/ping_1_3_4.png,label/ping_1_3_4.png
image/ping_1_3_5.png,label/ping_1_3_5.png
image/ping_2h_4_0_0.png,label/ping_2h_4_0_0.png
image/ping_2h_4_0_1.png,label/ping_2h_4_0_1.png
image/ping_2h_4_0_2.png,label/ping_2h_4_0_2.png
image/ping_2h_4_0_3.png,label/ping_2h_4_0_3.png
image/ping_2h_4_0_4.png,label/ping_2h_4_0_4.png
image/ping_2h_4_0_5.png,label/ping_2h_4_0_5.png
image/ping_2h_4_1_0.png,label/ping_2h_4_1_0.png
image/ping_2h_4_1_1.png,label/ping_2h_4_1_1.png
image/ping_2h_4_1_2.png,label/ping_2h_4_1_2.png
image/ping_2h_4_1_3.png,label/ping_2h_4_1_3.png
image/ping_2h_4_1_4.png,label/ping_2h_4_1_4.png
image/ping_2h_4_1_5.png,label/ping_2h_4_1_5.png
image/ping_2h_4_2_0.png,label/ping_2h_4_2_0.png
image/ping_2h_4_2_1.png,label/ping_2h_4_2_1.png
image/ping_2h_4_2_2.png,label/ping_2h_4_2_2.png
image/ping_2h_4_2_3.png,label/ping_2h_4_2_3.png
image/ping_2h_4_2_4.png,label/ping_2h_4_2_4.png
image/ping_2h_4_2_5.png,label/ping_2h_4_2_5.png
image/ping_2h_4_3_0.png,label/ping_2h_4_3_0.png
image/ping_2h_4_3_1.png,label/ping_2h_4_3_1.png
image/ping_2h_4_3_2.png,label/ping_2h_4_3_2.png
image/ping_2h_4_3_3.png,label/ping_2h_4_3_3.png
image/ping_2h_4_3_4.png,label/ping_2h_4_3_4.png
image/ping_2h_4_3_5.png,label/ping_2h_4_3_5.png
image/ping_2h_5_0_0.png,label/ping_2h_5_0_0.png
image/ping_2h_5_0_1.png,label/ping_2h_5_0_1.png
image/ping_2h_5_0_2.png,label/ping_2h_5_0_2.png
image/ping_2h_5_0_3.png,label/ping_2h_5_0_3.png
image/ping_2h_5_0_4.png,label/ping_2h_5_0_4.png
image/ping_2h_5_0_5.png,label/ping_2h_5_0_5.png
image/ping_2h_5_1_0.png,label/ping_2h_5_1_0.png
image/ping_2h_5_1_1.png,label/ping_2h_5_1_1.png
image/ping_2h_5_1_2.png,label/ping_2h_5_1_2.png
image/ping_2h_5_1_3.png,label/ping_2h_5_1_3.png
image/ping_2h_5_1_4.png,label/ping_2h_5_1_4.png
image/ping_2h_5_1_5.png,label/ping_2h_5_1_5.png
image/ping_2h_5_2_0.png,label/ping_2h_5_2_0.png
image/ping_2h_5_2_1.png,label/ping_2h_5_2_1.png
image/ping_2h_5_2_2.png,label/ping_2h_5_2_2.png
image/ping_2h_5_2_3.png,label/ping_2h_5_2_3.png
image/ping_2h_5_2_4.png,label/ping_2h_5_2_4.png
image/ping_2h_5_2_5.png,label/ping_2h_5_2_5.png
image/ping_2h_5_3_0.png,label/ping_2h_5_3_0.png
image/ping_2h_5_3_1.png,label/ping_2h_5_3_1.png
image/ping_2h_5_3_2.png,label/ping_2h_5_3_2.png
image/ping_2h_5_3_3.png,label/ping_2h_5_3_3.png
image/ping_2h_5_3_4.png,label/ping_2h_5_3_4.png
image/ping_2h_5_3_5.png,label/ping_2h_5_3_5.png
image/ping_3_0_0.png,label/ping_3_0_0.png
image/ping_3_0_1.png,label/ping_3_0_1.png
image/ping_3_0_2.png,label/ping_3_0_2.png
image/ping_3_0_3.png,label/ping_3_0_3.png
image/ping_3_0_4.png,label/ping_3_0_4.png
image/ping_3_0_5.png,label/ping_3_0_5.png
image/ping_3_1_0.png,label/ping_3_1_0.png
image/ping_3_1_1.png,label/ping_3_1_1.png
image/ping_3_1_2.png,label/ping_3_1_2.png
image/ping_3_1_3.png,label/ping_3_1_3.png
image/ping_3_1_4.png,label/ping_3_1_4.png
image/ping_3_1_5.png,label/ping_3_1_5.png
image/ping_3_2_0.png,label/ping_3_2_0.png
image/ping_3_2_1.png,label/ping_3_2_1.png
image/ping_3_2_2.png,label/ping_3_2_2.png
image/ping_3_2_3.png,label/ping_3_2_3.png
image/ping_3_2_4.png,label/ping_3_2_4.png
image/ping_3_2_5.png,label/ping_3_2_5.png
image/ping_3_3_0.png,label/ping_3_3_0.png
image/ping_3_3_1.png,label/ping_3_3_1.png
image/ping_3_3_2.png,label/ping_3_3_2.png
image/ping_3_3_3.png,label/ping_3_3_3.png
image/ping_3_3_4.png,label/ping_3_3_4.png
image/ping_3_3_5.png,label/ping_3_3_5.png
